Iniciando envío de correos para round_id = 9
Error al enviar correo a admin@democrapp.com: SMTP Error: Could not connect to SMTP host. Failed to connect to serverSMTP server error: Failed to connect to server SMTP code: 10060 Additional SMTP info: Se produjo un error durante el intento de conexión ya que la parte conectada no respondió adecuadamente tras un periodo de tiempo, o bien se produjo un error en la conexión establecida ya que el host conectado no ha podido responder
Error al enviar correo a test@test.com: SMTP Error: Could not connect to SMTP host. Failed to connect to serverSMTP server error: Failed to connect to server SMTP code: 10060 Additional SMTP info: Se produjo un error durante el intento de conexión ya que la parte conectada no respondió adecuadamente tras un periodo de tiempo, o bien se produjo un error en la conexión establecida ya que el host conectado no ha podido responder
Iniciando envío de correos para round_id = 9
Error al enviar correo a admin@democrapp.com: SMTP Error: Could not connect to SMTP host. Failed to connect to serverSMTP server error: Failed to connect to server SMTP code: 10060 Additional SMTP info: Se produjo un error durante el intento de conexión ya que la parte conectada no respondió adecuadamente tras un periodo de tiempo, o bien se produjo un error en la conexión establecida ya que el host conectado no ha podido responder
Error al enviar correo a test@test.com: SMTP Error: Could not connect to SMTP host. Failed to connect to serverSMTP server error: Failed to connect to server SMTP code: 10060 Additional SMTP info: Se produjo un error durante el intento de conexión ya que la parte conectada no respondió adecuadamente tras un periodo de tiempo, o bien se produjo un error en la conexión establecida ya que el host conectado no ha podido responder
Error al enviar correo a test1@test.com: SMTP Error: Could not connect to SMTP host. Failed to connect to serverSMTP server error: Failed to connect to server SMTP code: 10060 Additional SMTP info: Se produjo un error durante el intento de conexión ya que la parte conectada no respondió adecuadamente tras un periodo de tiempo, o bien se produjo un error en la conexión establecida ya que el host conectado no ha podido responder
Error al enviar correo a borjaribote@gmail.com: SMTP Error: Could not connect to SMTP host. Failed to connect to serverSMTP server error: Failed to connect to server SMTP code: 10060 Additional SMTP info: Se produjo un error durante el intento de conexión ya que la parte conectada no respondió adecuadamente tras un periodo de tiempo, o bien se produjo un error en la conexión establecida ya que el host conectado no ha podido responder
Finalizado envío de correos para round_id = 9
Iniciando envío de correos para round_id = 9
Error al enviar correo a admin@democrapp.com: SMTP Error: Could not authenticate.
Error al enviar correo a test@test.com: SMTP Error: Could not authenticate.
Error al enviar correo a test1@test.com: SMTP Error: Could not authenticate.
Error al enviar correo a borjaribote@gmail.com: SMTP Error: Could not authenticate.
Finalizado envío de correos para round_id = 9
Iniciando envío de correos para round_id = 9
Error al enviar correo a admin@democrapp.com: SMTP Error: Could not authenticate.
Error al enviar correo a test@test.com: SMTP Error: Could not authenticate.
Error al enviar correo a test1@test.com: SMTP Error: Could not authenticate.
Error al enviar correo a borjaribote@gmail.com: SMTP Error: Could not authenticate.
Finalizado envío de correos para round_id = 9
Iniciando envío de correos para round_id = 9
Error al enviar correo a admin@democrapp.com: SMTP Error: Could not authenticate.
Error al enviar correo a test@test.com: SMTP Error: Could not authenticate.
Error al enviar correo a test1@test.com: SMTP Error: Could not authenticate.
Error al enviar correo a borjaribote@gmail.com: SMTP Error: Could not authenticate.
Finalizado envío de correos para round_id = 9
